c:\kursach\kursachnew\kursachnew\x64\debug\vc143.pdb
c:\kursach\kursachnew\kursachnew\x64\debug\vc143.idb
c:\kursach\kursachnew\kursachnew\x64\debug\qrc_kursachnew.obj
c:\kursach\kursachnew\kursachnew\x64\debug\customer.obj
c:\kursach\kursachnew\kursachnew\x64\debug\booking.obj
c:\kursach\kursachnew\kursachnew\x64\debug\cinemasystem.obj
c:\kursach\kursachnew\kursachnew\x64\debug\cinemahall.obj
c:\kursach\kursachnew\kursachnew\x64\debug\sessiondialog.obj
c:\kursach\kursachnew\kursachnew\x64\debug\ticket.obj
c:\kursach\kursachnew\kursachnew\x64\debug\mainwindow.obj
c:\kursach\kursachnew\kursachnew\x64\debug\hallmapdialog.obj
c:\kursach\kursachnew\kursachnew\x64\debug\main.obj
c:\kursach\kursachnew\kursachnew\x64\debug\session.obj
c:\kursach\kursachnew\kursachnew\x64\debug\movie.obj
c:\kursach\kursachnew\kursachnew\x64\debug\person.obj
c:\kursach\kursachnew\kursachnew\x64\debug\movieservice.obj
c:\kursach\kursachnew\kursachnew\x64\debug\sessionservice.obj
c:\kursach\kursachnew\kursachnew\x64\debug\moc_sessiondialog.obj
c:\kursach\kursachnew\kursachnew\x64\debug\moc_hallmapdialog.obj
c:\kursach\kursachnew\kursachnew\x64\debug\moc_bookingdialog.obj
c:\kursach\kursachnew\kursachnew\x64\debug\bookingdialog.obj
c:\kursach\kursachnew\kursachnew\x64\debug\moviedialog.obj
c:\kursach\kursachnew\kursachnew\x64\debug\moc_moviedialog.obj
c:\kursach\kursachnew\kursachnew\x64\debug\halldialog.obj
c:\kursach\kursachnew\kursachnew\x64\debug\moc_halldialog.obj
c:\kursach\kursachnew\kursachnew\x64\debug\qt\uic\ui_kursachnew.h
c:\kursach\kursachnew\kursachnew\x64\debug\qt\rcc\qrc_kursachnew.cpp
c:\kursach\kursachnew\kursachnew\x64\debug\qt\moc\moc_hallmapdialog.cpp
c:\kursach\kursachnew\kursachnew\x64\debug\qt\moc\moc_sessiondialog.cpp
c:\kursach\kursachnew\kursachnew\x64\debug\qt\moc\moc_bookingdialog.cpp
c:\kursach\kursachnew\kursachnew\x64\debug\qt\moc\moc_moviedialog.cpp
c:\kursach\kursachnew\kursachnew\x64\debug\qt\moc\moc_halldialog.cpp
c:\kursach\kursachnew\x64\debug\kursachnew.exe
c:\kursach\kursachnew\x64\debug\kursachnew.pdb
c:\kursach\kursachnew\kursachnew\x64\debug\kursachnew.ilk
c:\kursach\kursachnew\kursachnew\x64\debug\kursachnew.tlog\cl.command.1.tlog
c:\kursach\kursachnew\kursachnew\x64\debug\kursachnew.tlog\cl.items.tlog
c:\kursach\kursachnew\kursachnew\x64\debug\kursachnew.tlog\cl.read.1.tlog
c:\kursach\kursachnew\kursachnew\x64\debug\kursachnew.tlog\cl.write.1.tlog
c:\kursach\kursachnew\kursachnew\x64\debug\kursachnew.tlog\kursachnew.write.1u.tlog
c:\kursach\kursachnew\kursachnew\x64\debug\kursachnew.tlog\link.command.1.tlog
c:\kursach\kursachnew\kursachnew\x64\debug\kursachnew.tlog\link.read.1.tlog
c:\kursach\kursachnew\kursachnew\x64\debug\kursachnew.tlog\link.secondary.1.tlog
c:\kursach\kursachnew\kursachnew\x64\debug\kursachnew.tlog\link.write.1.tlog
c:\kursach\kursachnew\kursachnew\x64\debug\kursachnew.tlog\moc.read.1u.tlog
c:\kursach\kursachnew\kursachnew\x64\debug\kursachnew.tlog\moc.write.1u.tlog
c:\kursach\kursachnew\kursachnew\x64\debug\kursachnew.tlog\rcc.read.1u.tlog
c:\kursach\kursachnew\kursachnew\x64\debug\kursachnew.tlog\rcc.write.1u.tlog
c:\kursach\kursachnew\kursachnew\x64\debug\kursachnew.tlog\uic.read.1u.tlog
c:\kursach\kursachnew\kursachnew\x64\debug\kursachnew.tlog\uic.write.1u.tlog
